2023-06-16 00:04:59.840  INFO 55859 --- [AsyncResolver-bootstrap-executor-0] c.n.d.s.r.aws.ConfigClusterResolver      : Resolving eureka endpoints via configuration
2023-06-16 00:10:00.086  INFO 55859 --- [AsyncResolver-bootstrap-executor-0] c.n.d.s.r.aws.ConfigClusterResolver      : Resolving eureka endpoints via configuration
2023-06-16 00:15:00.102  INFO 55859 --- [AsyncResolver-bootstrap-executor-0] c.n.d.s.r.aws.ConfigClusterResolver      : Resolving eureka endpoints via configuration
2023-06-16 00:20:00.111  INFO 55859 --- [AsyncResolver-bootstrap-executor-0] c.n.d.s.r.aws.ConfigClusterResolver      : Resolving eureka endpoints via configuration
2023-06-16 00:23:15.430  INFO 55859 --- [http-nio-8080-exec-6] c.a.n.i.ShowIPAddressInterceptor         : GET http://192.168.0.104:8080/api/note/note/findAll /api/note
2023-06-16 00:23:15.487  INFO 55859 --- [http-nio-8080-exec-6] com.aboutdk.note.security.TokenService   : [token string]: header={alg=HS256},body={sub=zhouyang, exp=1687448136},signature=BtNlup457qOYQeAyGMyyNm8TcNqrBXYL_v7q7vndCPw
2023-06-16 00:23:15.500  INFO 55859 --- [http-nio-8080-exec-6] c.a.note.controller.NoteController       : fetch notes
2023-06-16 00:24:17.786  INFO 55859 --- [http-nio-8080-exec-8] c.a.n.i.ShowIPAddressInterceptor         : POST http://192.168.0.104:8080/api/note/user/login /api/note
2023-06-16 00:24:17.956  WARN 55859 --- [http-nio-8080-exec-8] c.a.note.service.impl.UserServiceImpl    : client password: 698d51a19d8a121ce581499d7b701668
2023-06-16 00:24:17.958  WARN 55859 --- [http-nio-8080-exec-8] c.a.note.service.impl.UserServiceImpl    : mysql password: 698d51a19d8a121ce581499d7b701668
2023-06-16 00:24:18.092  INFO 55859 --- [http-nio-8080-exec-9] c.a.n.i.ShowIPAddressInterceptor         : GET http://192.168.0.104:8080/api/note/note/findAll /api/note
2023-06-16 00:24:18.116  INFO 55859 --- [http-nio-8080-exec-9] com.aboutdk.note.security.TokenService   : [token string]: header={alg=HS256},body={sub=zhouyang, exp=1687451057},signature=pqXzz4_-kJxleVoVPD6ONk4ybzJd6VAKalmnaOF1o5E
2023-06-16 00:24:18.118  INFO 55859 --- [http-nio-8080-exec-9] c.a.note.controller.NoteController       : fetch notes
2023-06-16 00:24:44.197  INFO 55859 --- [http-nio-8080-exec-10] c.a.n.i.ShowIPAddressInterceptor         : GET http://192.168.0.104:8080/api/note/note/findAll /api/note
2023-06-16 00:24:44.212  INFO 55859 --- [http-nio-8080-exec-10] com.aboutdk.note.security.TokenService   : [token string]: header={alg=HS256},body={sub=zhouyang, exp=1687451057},signature=pqXzz4_-kJxleVoVPD6ONk4ybzJd6VAKalmnaOF1o5E
2023-06-16 00:24:44.213  INFO 55859 --- [http-nio-8080-exec-10] c.a.note.controller.NoteController       : fetch notes
2023-06-16 00:25:00.125  INFO 55859 --- [AsyncResolver-bootstrap-executor-0] c.n.d.s.r.aws.ConfigClusterResolver      : Resolving eureka endpoints via configuration
2023-06-16 00:30:00.135  INFO 55859 --- [AsyncResolver-bootstrap-executor-0] c.n.d.s.r.aws.ConfigClusterResolver      : Resolving eureka endpoints via configuration
2023-06-16 00:35:00.158  INFO 55859 --- [AsyncResolver-bootstrap-executor-0] c.n.d.s.r.aws.ConfigClusterResolver      : Resolving eureka endpoints via configuration
2023-06-16 00:35:16.685  INFO 55859 --- [http-nio-8080-exec-2] c.a.n.i.ShowIPAddressInterceptor         : POST http://192.168.0.104:8080/api/note/user/login /api/note
2023-06-16 00:35:16.749  WARN 55859 --- [http-nio-8080-exec-2] c.a.note.service.impl.UserServiceImpl    : client password: 698d51a19d8a121ce581499d7b701668
2023-06-16 00:35:16.750  WARN 55859 --- [http-nio-8080-exec-2] c.a.note.service.impl.UserServiceImpl    : mysql password: 698d51a19d8a121ce581499d7b701668
2023-06-16 00:35:16.921  INFO 55859 --- [http-nio-8080-exec-3] c.a.n.i.ShowIPAddressInterceptor         : GET http://192.168.0.104:8080/api/note/note/findAll /api/note
2023-06-16 00:35:16.956  INFO 55859 --- [http-nio-8080-exec-3] com.aboutdk.note.security.TokenService   : [token string]: header={alg=HS256},body={sub=zhouyang, exp=1687451716},signature=W757yXpZ5mSX34ADeKWsGjYmsB7TT4sIAiEE3Tjzaaw
2023-06-16 00:35:16.965  INFO 55859 --- [http-nio-8080-exec-3] c.a.note.controller.NoteController       : fetch notes
2023-06-16 00:35:47.911  INFO 55859 --- [http-nio-8080-exec-4] c.a.n.i.ShowIPAddressInterceptor         : GET http://192.168.0.104:8080/api/note/note/findAll /api/note
2023-06-16 00:35:47.927  INFO 55859 --- [http-nio-8080-exec-4] com.aboutdk.note.security.TokenService   : [token string]: header={alg=HS256},body={sub=zhouyang, exp=1687451716},signature=W757yXpZ5mSX34ADeKWsGjYmsB7TT4sIAiEE3Tjzaaw
2023-06-16 00:35:47.930  INFO 55859 --- [http-nio-8080-exec-4] c.a.note.controller.NoteController       : fetch notes
2023-06-16 00:35:51.601  INFO 55859 --- [http-nio-8080-exec-5] c.a.n.i.ShowIPAddressInterceptor         : DELETE http://192.168.0.104:8080/api/note/note/1686843427319 /api/note
2023-06-16 00:35:51.627  INFO 55859 --- [http-nio-8080-exec-5] com.aboutdk.note.security.TokenService   : [token string]: header={alg=HS256},body={sub=zhouyang, exp=1687451716},signature=W757yXpZ5mSX34ADeKWsGjYmsB7TT4sIAiEE3Tjzaaw
2023-06-16 00:35:51.654  INFO 55859 --- [http-nio-8080-exec-5] c.a.note.controller.NoteController       : delete note: 1686843427319
2023-06-16 00:35:52.983  INFO 55859 --- [http-nio-8080-exec-6] c.a.n.i.ShowIPAddressInterceptor         : GET http://192.168.0.104:8080/api/note/note/findAll /api/note
2023-06-16 00:35:53.003  INFO 55859 --- [http-nio-8080-exec-6] com.aboutdk.note.security.TokenService   : [token string]: header={alg=HS256},body={sub=zhouyang, exp=1687451716},signature=W757yXpZ5mSX34ADeKWsGjYmsB7TT4sIAiEE3Tjzaaw
2023-06-16 00:35:53.005  INFO 55859 --- [http-nio-8080-exec-6] c.a.note.controller.NoteController       : fetch notes
2023-06-16 00:36:01.973  INFO 55859 --- [http-nio-8080-exec-7] c.a.n.i.ShowIPAddressInterceptor         : DELETE http://192.168.0.104:8080/api/note/note/1686843425967 /api/note
2023-06-16 00:36:01.991  INFO 55859 --- [http-nio-8080-exec-7] com.aboutdk.note.security.TokenService   : [token string]: header={alg=HS256},body={sub=zhouyang, exp=1687451716},signature=W757yXpZ5mSX34ADeKWsGjYmsB7TT4sIAiEE3Tjzaaw
2023-06-16 00:36:01.993  INFO 55859 --- [http-nio-8080-exec-7] c.a.note.controller.NoteController       : delete note: 1686843425967
2023-06-16 00:36:02.531  INFO 55859 --- [http-nio-8080-exec-8] c.a.n.i.ShowIPAddressInterceptor         : GET http://192.168.0.104:8080/api/note/note/findAll /api/note
2023-06-16 00:36:02.553  INFO 55859 --- [http-nio-8080-exec-8] com.aboutdk.note.security.TokenService   : [token string]: header={alg=HS256},body={sub=zhouyang, exp=1687451716},signature=W757yXpZ5mSX34ADeKWsGjYmsB7TT4sIAiEE3Tjzaaw
2023-06-16 00:36:02.554  INFO 55859 --- [http-nio-8080-exec-8] c.a.note.controller.NoteController       : fetch notes
2023-06-16 00:36:08.927  INFO 55859 --- [http-nio-8080-exec-9] c.a.n.i.ShowIPAddressInterceptor         : PUT http://192.168.0.104:8080/api/note/note /api/note
2023-06-16 00:36:08.946  INFO 55859 --- [http-nio-8080-exec-9] com.aboutdk.note.security.TokenService   : [token string]: header={alg=HS256},body={sub=zhouyang, exp=1687451716},signature=W757yXpZ5mSX34ADeKWsGjYmsB7TT4sIAiEE3Tjzaaw
2023-06-16 00:36:20.185  INFO 55859 --- [http-nio-8080-exec-10] c.a.n.i.ShowIPAddressInterceptor         : GET http://192.168.0.104:8080/api/note/note/findAll /api/note
2023-06-16 00:36:20.212  INFO 55859 --- [http-nio-8080-exec-10] com.aboutdk.note.security.TokenService   : [token string]: header={alg=HS256},body={sub=zhouyang, exp=1687451716},signature=W757yXpZ5mSX34ADeKWsGjYmsB7TT4sIAiEE3Tjzaaw
2023-06-16 00:36:20.213  INFO 55859 --- [http-nio-8080-exec-10] c.a.note.controller.NoteController       : fetch notes
2023-06-16 00:36:43.735  INFO 55859 --- [http-nio-8080-exec-1] c.a.n.i.ShowIPAddressInterceptor         : POST http://192.168.0.104:8080/api/note/note /api/note
2023-06-16 00:36:43.761  INFO 55859 --- [http-nio-8080-exec-1] com.aboutdk.note.security.TokenService   : [token string]: header={alg=HS256},body={sub=zhouyang, exp=1687451716},signature=W757yXpZ5mSX34ADeKWsGjYmsB7TT4sIAiEE3Tjzaaw
2023-06-16 00:36:43.765  INFO 55859 --- [http-nio-8080-exec-1] c.a.note.controller.NoteController       : addNote: NoteForm(id=1686847003631, title=New Note, content="", number=0, encrypt=false, deleted=0, version=0)
2023-06-16 00:36:43.872  INFO 55859 --- [http-nio-8080-exec-2] c.a.n.i.ShowIPAddressInterceptor         : GET http://192.168.0.104:8080/api/note/note/findAll /api/note
2023-06-16 00:36:43.907  INFO 55859 --- [http-nio-8080-exec-2] com.aboutdk.note.security.TokenService   : [token string]: header={alg=HS256},body={sub=zhouyang, exp=1687451716},signature=W757yXpZ5mSX34ADeKWsGjYmsB7TT4sIAiEE3Tjzaaw
2023-06-16 00:36:43.908  INFO 55859 --- [http-nio-8080-exec-2] c.a.note.controller.NoteController       : fetch notes
2023-06-16 00:36:53.655  INFO 55859 --- [http-nio-8080-exec-3] c.a.n.i.ShowIPAddressInterceptor         : PUT http://192.168.0.104:8080/api/note/note /api/note
2023-06-16 00:36:53.669  INFO 55859 --- [http-nio-8080-exec-3] com.aboutdk.note.security.TokenService   : [token string]: header={alg=HS256},body={sub=zhouyang, exp=1687451716},signature=W757yXpZ5mSX34ADeKWsGjYmsB7TT4sIAiEE3Tjzaaw
2023-06-16 00:36:55.993  INFO 55859 --- [http-nio-8080-exec-4] c.a.n.i.ShowIPAddressInterceptor         : GET http://192.168.0.104:8080/api/note/note/findAll /api/note
2023-06-16 00:36:56.022  INFO 55859 --- [http-nio-8080-exec-4] com.aboutdk.note.security.TokenService   : [token string]: header={alg=HS256},body={sub=zhouyang, exp=1687451716},signature=W757yXpZ5mSX34ADeKWsGjYmsB7TT4sIAiEE3Tjzaaw
2023-06-16 00:36:56.023  INFO 55859 --- [http-nio-8080-exec-4] c.a.note.controller.NoteController       : fetch notes
2023-06-16 00:38:07.305  INFO 55859 --- [http-nio-8080-exec-6] c.a.n.i.ShowIPAddressInterceptor         : POST http://192.168.0.104:8080/api/note/user/login /api/note
2023-06-16 00:38:07.322  WARN 55859 --- [http-nio-8080-exec-6] c.a.note.service.impl.UserServiceImpl    : client password: 698d51a19d8a121ce581499d7b701668
2023-06-16 00:38:07.322  WARN 55859 --- [http-nio-8080-exec-6] c.a.note.service.impl.UserServiceImpl    : mysql password: 698d51a19d8a121ce581499d7b701668
2023-06-16 00:38:07.403  INFO 55859 --- [http-nio-8080-exec-7] c.a.n.i.ShowIPAddressInterceptor         : GET http://192.168.0.104:8080/api/note/note/findAll /api/note
2023-06-16 00:38:07.421  INFO 55859 --- [http-nio-8080-exec-7] com.aboutdk.note.security.TokenService   : [token string]: header={alg=HS256},body={sub=zhouyang, exp=1687451887},signature=Ho6iKN5_w-tUaRb_-Bir1_ql-NuH-nBm0j34BUdNU8M
2023-06-16 00:38:07.421  INFO 55859 --- [http-nio-8080-exec-7] c.a.note.controller.NoteController       : fetch notes
2023-06-16 00:38:25.712  INFO 55859 --- [http-nio-8080-exec-8] c.a.n.i.ShowIPAddressInterceptor         : PUT http://192.168.0.104:8080/api/note/note /api/note
2023-06-16 00:38:25.735  INFO 55859 --- [http-nio-8080-exec-8] com.aboutdk.note.security.TokenService   : [token string]: header={alg=HS256},body={sub=zhouyang, exp=1687451887},signature=Ho6iKN5_w-tUaRb_-Bir1_ql-NuH-nBm0j34BUdNU8M
2023-06-16 00:38:27.873  INFO 55859 --- [http-nio-8080-exec-9] c.a.n.i.ShowIPAddressInterceptor         : GET http://192.168.0.104:8080/api/note/note/findAll /api/note
2023-06-16 00:38:27.899  INFO 55859 --- [http-nio-8080-exec-9] com.aboutdk.note.security.TokenService   : [token string]: header={alg=HS256},body={sub=zhouyang, exp=1687451887},signature=Ho6iKN5_w-tUaRb_-Bir1_ql-NuH-nBm0j34BUdNU8M
2023-06-16 00:38:27.900  INFO 55859 --- [http-nio-8080-exec-9] c.a.note.controller.NoteController       : fetch notes
2023-06-16 00:40:00.179  INFO 55859 --- [AsyncResolver-bootstrap-executor-0] c.n.d.s.r.aws.ConfigClusterResolver      : Resolving eureka endpoints via configuration
2023-06-16 00:45:00.197  INFO 55859 --- [AsyncResolver-bootstrap-executor-0] c.n.d.s.r.aws.ConfigClusterResolver      : Resolving eureka endpoints via configuration
2023-06-16 00:47:26.875  INFO 55859 --- [http-nio-8080-exec-1] c.a.n.i.ShowIPAddressInterceptor         : POST http://192.168.0.104:8080/api/note/user/login /api/note
2023-06-16 00:50:00.207  INFO 55859 --- [AsyncResolver-bootstrap-executor-0] c.n.d.s.r.aws.ConfigClusterResolver      : Resolving eureka endpoints via configuration
2023-06-16 00:50:35.036  INFO 55859 --- [SpringApplicationShutdownHook] o.s.c.n.e.s.EurekaServiceRegistry        : Unregistering application NOTEAPPLICATION with eureka with status DOWN
2023-06-16 00:50:35.055  INFO 55859 --- [SpringApplicationShutdownHook] com.netflix.discovery.DiscoveryClient    : Saw local status change event StatusChangeEvent [timestamp=1686847835055, current=DOWN, previous=UP]
2023-06-16 00:50:35.072  INFO 55859 --- [DiscoveryClient-InstanceInfoReplicator-0] com.netflix.discovery.DiscoveryClient    : DiscoveryClient_NOTEAPPLICATION/192.168.0.104:NoteApplication:8080: registering service...
2023-06-16 00:50:35.656  INFO 55859 --- [DiscoveryClient-InstanceInfoReplicator-0] c.n.d.s.t.d.RedirectingEurekaHttpClient  : Request execution error. endpoint=DefaultEndpoint{ serviceUrl='http://localhost:8761/eureka/} exception=I/O error on POST request for "http://localhost:8761/eureka/apps/NOTEAPPLICATION": Connect to localhost:8761 [localhost/127.0.0.1, localhost/0:0:0:0:0:0:0:1] failed: Connection refused (Connection refused); nested exception is org.apache.http.conn.HttpHostConnectException: Connect to localhost:8761 [localhost/127.0.0.1, localhost/0:0:0:0:0:0:0:1] failed: Connection refused (Connection refused) stacktrace=org.springframework.web.client.ResourceAccessException: I/O error on POST request for "http://localhost:8761/eureka/apps/NOTEAPPLICATION": Connect to localhost:8761 [localhost/127.0.0.1, localhost/0:0:0:0:0:0:0:1] failed: Connection refused (Connection refused); nested exception is org.apache.http.conn.HttpHostConnectException: Connect to localhost:8761 [localhost/127.0.0.1, localhost/0:0:0:0:0:0:0:1] failed: Connection refused (Connection refused)
	at org.springframework.web.client.RestTemplate.doExecute(RestTemplate.java:785)
	at org.springframework.web.client.RestTemplate.execute(RestTemplate.java:711)
	at org.springframework.web.client.RestTemplate.exchange(RestTemplate.java:602)
	at org.springframework.cloud.netflix.eureka.http.RestTemplateEurekaHttpClient.register(RestTemplateEurekaHttpClient.java:77)
	at com.netflix.discovery.shared.transport.decorator.EurekaHttpClientDecorator$1.execute(EurekaHttpClientDecorator.java:59)
	at com.netflix.discovery.shared.transport.decorator.RedirectingEurekaHttpClient.execute(RedirectingEurekaHttpClient.java:91)
	at com.netflix.discovery.shared.transport.decorator.EurekaHttpClientDecorator.register(EurekaHttpClientDecorator.java:56)
	at com.netflix.discovery.shared.transport.decorator.EurekaHttpClientDecorator$1.execute(EurekaHttpClientDecorator.java:59)
	at com.netflix.discovery.shared.transport.decorator.RetryableEurekaHttpClient.execute(RetryableEurekaHttpClient.java:120)
	at com.netflix.discovery.shared.transport.decorator.EurekaHttpClientDecorator.register(EurekaHttpClientDecorator.java:56)
	at com.netflix.discovery.shared.transport.decorator.EurekaHttpClientDecorator$1.execute(EurekaHttpClientDecorator.java:59)
	at com.netflix.discovery.shared.transport.decorator.SessionedEurekaHttpClient.execute(SessionedEurekaHttpClient.java:77)
	at com.netflix.discovery.shared.transport.decorator.EurekaHttpClientDecorator.register(EurekaHttpClientDecorator.java:56)
	at com.netflix.discovery.DiscoveryClient.register(DiscoveryClient.java:876)
	at com.netflix.discovery.InstanceInfoReplicator.run(InstanceInfoReplicator.java:121)
	at com.netflix.discovery.InstanceInfoReplicator$1.run(InstanceInfoReplicator.java:101)
	at java.util.concurrent.Executors$RunnableAdapter.call(Executors.java:511)
	at java.util.concurrent.FutureTask.run(FutureTask.java:266)
	at java.util.concurrent.ScheduledThreadPoolExecutor$ScheduledFutureTask.access$201(ScheduledThreadPoolExecutor.java:180)
	at java.util.concurrent.ScheduledThreadPoolExecutor$ScheduledFutureTask.run(ScheduledThreadPoolExecutor.java:293)
	at java.util.concurrent.ThreadPoolExecutor.runWorker(ThreadPoolExecutor.java:1149)
	at java.util.concurrent.ThreadPoolExecutor$Worker.run(ThreadPoolExecutor.java:624)
	at java.lang.Thread.run(Thread.java:748)
Caused by: org.apache.http.conn.HttpHostConnectException: Connect to localhost:8761 [localhost/127.0.0.1, localhost/0:0:0:0:0:0:0:1] failed: Connection refused (Connection refused)
	at org.apache.http.impl.conn.DefaultHttpClientConnectionOperator.connect(DefaultHttpClientConnectionOperator.java:156)
	at org.apache.http.impl.conn.PoolingHttpClientConnectionManager.connect(PoolingHttpClientConnectionManager.java:376)
	at org.apache.http.impl.execchain.MainClientExec.establishRoute(MainClientExec.java:393)
	at org.apache.http.impl.execchain.MainClientExec.execute(MainClientExec.java:236)
	at org.apache.http.impl.execchain.ProtocolExec.execute(ProtocolExec.java:186)
	at org.apache.http.impl.execchain.RetryExec.execute(RetryExec.java:89)
	at org.apache.http.impl.execchain.RedirectExec.execute(RedirectExec.java:110)
	at org.apache.http.impl.client.InternalHttpClient.doExecute(InternalHttpClient.java:185)
	at org.apache.http.impl.client.CloseableHttpClient.execute(CloseableHttpClient.java:83)
	at org.apache.http.impl.client.CloseableHttpClient.execute(CloseableHttpClient.java:56)
	at org.springframework.http.client.HttpComponentsClientHttpRequest.executeInternal(HttpComponentsClientHttpRequest.java:87)
	at org.springframework.http.client.AbstractBufferingClientHttpRequest.executeInternal(AbstractBufferingClientHttpRequest.java:48)
	at org.springframework.http.client.AbstractClientHttpRequest.execute(AbstractClientHttpRequest.java:66)
	at org.springframework.web.client.RestTemplate.doExecute(RestTemplate.java:776)
	... 22 more
Caused by: java.net.ConnectException: Connection refused (Connection refused)
	at java.net.PlainSocketImpl.socketConnect(Native Method)
	at java.net.AbstractPlainSocketImpl.doConnect(AbstractPlainSocketImpl.java:350)
	at java.net.AbstractPlainSocketImpl.connectToAddress(AbstractPlainSocketImpl.java:206)
	at java.net.AbstractPlainSocketImpl.connect(AbstractPlainSocketImpl.java:188)
	at java.net.SocksSocketImpl.connect(SocksSocketImpl.java:392)
	at java.net.Socket.connect(Socket.java:607)
	at org.apache.http.conn.socket.PlainConnectionSocketFactory.connectSocket(PlainConnectionSocketFactory.java:75)
	at org.apache.http.impl.conn.DefaultHttpClientConnectionOperator.connect(DefaultHttpClientConnectionOperator.java:142)
	... 35 more

2023-06-16 00:50:35.690  WARN 55859 --- [DiscoveryClient-InstanceInfoReplicator-0] c.n.d.s.t.d.RetryableEurekaHttpClient    : Request execution failed with message: I/O error on POST request for "http://localhost:8761/eureka/apps/NOTEAPPLICATION": Connect to localhost:8761 [localhost/127.0.0.1, localhost/0:0:0:0:0:0:0:1] failed: Connection refused (Connection refused); nested exception is org.apache.http.conn.HttpHostConnectException: Connect to localhost:8761 [localhost/127.0.0.1, localhost/0:0:0:0:0:0:0:1] failed: Connection refused (Connection refused)
2023-06-16 00:50:36.002  INFO 55859 --- [DiscoveryClient-InstanceInfoReplicator-0] c.n.d.s.t.d.RedirectingEurekaHttpClient  : Request execution error. endpoint=DefaultEndpoint{ serviceUrl='http://localhost:8761/eureka/}, exception=I/O error on POST request for "http://localhost:8761/eureka/apps/NOTEAPPLICATION": Connect to localhost:8761 [localhost/127.0.0.1, localhost/0:0:0:0:0:0:0:1] failed: Connection refused (Connection refused); nested exception is org.apache.http.conn.HttpHostConnectException: Connect to localhost:8761 [localhost/127.0.0.1, localhost/0:0:0:0:0:0:0:1] failed: Connection refused (Connection refused) stacktrace=org.springframework.web.client.ResourceAccessException: I/O error on POST request for "http://localhost:8761/eureka/apps/NOTEAPPLICATION": Connect to localhost:8761 [localhost/127.0.0.1, localhost/0:0:0:0:0:0:0:1] failed: Connection refused (Connection refused); nested exception is org.apache.http.conn.HttpHostConnectException: Connect to localhost:8761 [localhost/127.0.0.1, localhost/0:0:0:0:0:0:0:1] failed: Connection refused (Connection refused)
	at org.springframework.web.client.RestTemplate.doExecute(RestTemplate.java:785)
	at org.springframework.web.client.RestTemplate.execute(RestTemplate.java:711)
	at org.springframework.web.client.RestTemplate.exchange(RestTemplate.java:602)
	at org.springframework.cloud.netflix.eureka.http.RestTemplateEurekaHttpClient.register(RestTemplateEurekaHttpClient.java:77)
	at com.netflix.discovery.shared.transport.decorator.EurekaHttpClientDecorator$1.execute(EurekaHttpClientDecorator.java:59)
	at com.netflix.discovery.shared.transport.decorator.RedirectingEurekaHttpClient.executeOnNewServer(RedirectingEurekaHttpClient.java:121)
	at com.netflix.discovery.shared.transport.decorator.RedirectingEurekaHttpClient.execute(RedirectingEurekaHttpClient.java:80)
	at com.netflix.discovery.shared.transport.decorator.EurekaHttpClientDecorator.register(EurekaHttpClientDecorator.java:56)
	at com.netflix.discovery.shared.transport.decorator.EurekaHttpClientDecorator$1.execute(EurekaHttpClientDecorator.java:59)
	at com.netflix.discovery.shared.transport.decorator.RetryableEurekaHttpClient.execute(RetryableEurekaHttpClient.java:120)
	at com.netflix.discovery.shared.transport.decorator.EurekaHttpClientDecorator.register(EurekaHttpClientDecorator.java:56)
	at com.netflix.discovery.shared.transport.decorator.EurekaHttpClientDecorator$1.execute(EurekaHttpClientDecorator.java:59)
	at com.netflix.discovery.shared.transport.decorator.SessionedEurekaHttpClient.execute(SessionedEurekaHttpClient.java:77)
	at com.netflix.discovery.shared.transport.decorator.EurekaHttpClientDecorator.register(EurekaHttpClientDecorator.java:56)
	at com.netflix.discovery.DiscoveryClient.register(DiscoveryClient.java:876)
	at com.netflix.discovery.InstanceInfoReplicator.run(InstanceInfoReplicator.java:121)
	at com.netflix.discovery.InstanceInfoReplicator$1.run(InstanceInfoReplicator.java:101)
	at java.util.concurrent.Executors$RunnableAdapter.call(Executors.java:511)
	at java.util.concurrent.FutureTask.run(FutureTask.java:266)
	at java.util.concurrent.ScheduledThreadPoolExecutor$ScheduledFutureTask.access$201(ScheduledThreadPoolExecutor.java:180)
	at java.util.concurrent.ScheduledThreadPoolExecutor$ScheduledFutureTask.run(ScheduledThreadPoolExecutor.java:293)
	at java.util.concurrent.ThreadPoolExecutor.runWorker(ThreadPoolExecutor.java:1149)
	at java.util.concurrent.ThreadPoolExecutor$Worker.run(ThreadPoolExecutor.java:624)
	at java.lang.Thread.run(Thread.java:748)
Caused by: org.apache.http.conn.HttpHostConnectException: Connect to localhost:8761 [localhost/127.0.0.1, localhost/0:0:0:0:0:0:0:1] failed: Connection refused (Connection refused)
	at org.apache.http.impl.conn.DefaultHttpClientConnectionOperator.connect(DefaultHttpClientConnectionOperator.java:156)
	at org.apache.http.impl.conn.PoolingHttpClientConnectionManager.connect(PoolingHttpClientConnectionManager.java:376)
	at org.apache.http.impl.execchain.MainClientExec.establishRoute(MainClientExec.java:393)
	at org.apache.http.impl.execchain.MainClientExec.execute(MainClientExec.java:236)
	at org.apache.http.impl.execchain.ProtocolExec.execute(ProtocolExec.java:186)
	at org.apache.http.impl.execchain.RetryExec.execute(RetryExec.java:89)
	at org.apache.http.impl.execchain.RedirectExec.execute(RedirectExec.java:110)
	at org.apache.http.impl.client.InternalHttpClient.doExecute(InternalHttpClient.java:185)
	at org.apache.http.impl.client.CloseableHttpClient.execute(CloseableHttpClient.java:83)
	at org.apache.http.impl.client.CloseableHttpClient.execute(CloseableHttpClient.java:56)
	at org.springframework.http.client.HttpComponentsClientHttpRequest.executeInternal(HttpComponentsClientHttpRequest.java:87)
	at org.springframework.http.client.AbstractBufferingClientHttpRequest.executeInternal(AbstractBufferingClientHttpRequest.java:48)
	at org.springframework.http.client.AbstractClientHttpRequest.execute(AbstractClientHttpRequest.java:66)
	at org.springframework.web.client.RestTemplate.doExecute(RestTemplate.java:776)
	... 23 more
Caused by: java.net.ConnectException: Connection refused (Connection refused)
	at java.net.PlainSocketImpl.socketConnect(Native Method)
	at java.net.AbstractPlainSocketImpl.doConnect(AbstractPlainSocketImpl.java:350)
	at java.net.AbstractPlainSocketImpl.connectToAddress(AbstractPlainSocketImpl.java:206)
	at java.net.AbstractPlainSocketImpl.connect(AbstractPlainSocketImpl.java:188)
	at java.net.SocksSocketImpl.connect(SocksSocketImpl.java:392)
	at java.net.Socket.connect(Socket.java:607)
	at org.apache.http.conn.socket.PlainConnectionSocketFactory.connectSocket(PlainConnectionSocketFactory.java:75)
	at org.apache.http.impl.conn.DefaultHttpClientConnectionOperator.connect(DefaultHttpClientConnectionOperator.java:142)
	... 36 more

2023-06-16 00:50:36.004  WARN 55859 --- [DiscoveryClient-InstanceInfoReplicator-0] c.n.d.s.t.d.RetryableEurekaHttpClient    : Request execution failed with message: I/O error on POST request for "http://localhost:8761/eureka/apps/NOTEAPPLICATION": Connect to localhost:8761 [localhost/127.0.0.1, localhost/0:0:0:0:0:0:0:1] failed: Connection refused (Connection refused); nested exception is org.apache.http.conn.HttpHostConnectException: Connect to localhost:8761 [localhost/127.0.0.1, localhost/0:0:0:0:0:0:0:1] failed: Connection refused (Connection refused)
2023-06-16 00:50:36.030  INFO 55859 --- [SpringApplicationShutdownHook] com.zaxxer.hikari.HikariDataSource       : HikariPool-1 - Shutdown initiated...
2023-06-16 00:50:36.069  INFO 55859 --- [SpringApplicationShutdownHook] com.zaxxer.hikari.HikariDataSource       : HikariPool-1 - Shutdown completed.
2023-06-16 00:50:36.092  WARN 55859 --- [DiscoveryClient-InstanceInfoReplicator-0] com.netflix.discovery.DiscoveryClient    : DiscoveryClient_NOTEAPPLICATION/192.168.0.104:NoteApplication:8080 - registration failed Cannot execute request on any known server

com.netflix.discovery.shared.transport.TransportException: Cannot execute request on any known server
	at com.netflix.discovery.shared.transport.decorator.RetryableEurekaHttpClient.execute(RetryableEurekaHttpClient.java:112) ~[eureka-client-1.10.17.jar!/:1.10.17]
	at com.netflix.discovery.shared.transport.decorator.EurekaHttpClientDecorator.register(EurekaHttpClientDecorator.java:56) ~[eureka-client-1.10.17.jar!/:1.10.17]
	at com.netflix.discovery.shared.transport.decorator.EurekaHttpClientDecorator$1.execute(EurekaHttpClientDecorator.java:59) ~[eureka-client-1.10.17.jar!/:1.10.17]
	at com.netflix.discovery.shared.transport.decorator.SessionedEurekaHttpClient.execute(SessionedEurekaHttpClient.java:77) ~[eureka-client-1.10.17.jar!/:1.10.17]
	at com.netflix.discovery.shared.transport.decorator.EurekaHttpClientDecorator.register(EurekaHttpClientDecorator.java:56) ~[eureka-client-1.10.17.jar!/:1.10.17]
	at com.netflix.discovery.DiscoveryClient.register(DiscoveryClient.java:876) ~[eureka-client-1.10.17.jar!/:1.10.17]
	at com.netflix.discovery.InstanceInfoReplicator.run(InstanceInfoReplicator.java:121) [eureka-client-1.10.17.jar!/:1.10.17]
	at com.netflix.discovery.InstanceInfoReplicator$1.run(InstanceInfoReplicator.java:101) [eureka-client-1.10.17.jar!/:1.10.17]
	at java.util.concurrent.Executors$RunnableAdapter.call(Executors.java:511) [na:1.8.0_292]
	at java.util.concurrent.FutureTask.run(FutureTask.java:266) [na:1.8.0_292]
	at java.util.concurrent.ScheduledThreadPoolExecutor$ScheduledFutureTask.access$201(ScheduledThreadPoolExecutor.java:180) [na:1.8.0_292]
	at java.util.concurrent.ScheduledThreadPoolExecutor$ScheduledFutureTask.run(ScheduledThreadPoolExecutor.java:293) [na:1.8.0_292]
	at java.util.concurrent.ThreadPoolExecutor.runWorker(ThreadPoolExecutor.java:1149) [na:1.8.0_292]
	at java.util.concurrent.ThreadPoolExecutor$Worker.run(ThreadPoolExecutor.java:624) [na:1.8.0_292]
	at java.lang.Thread.run(Thread.java:748) [na:1.8.0_292]

2023-06-16 00:50:36.099  WARN 55859 --- [DiscoveryClient-InstanceInfoReplicator-0] c.n.discovery.InstanceInfoReplicator     : There was a problem with the instance info replicator

com.netflix.discovery.shared.transport.TransportException: Cannot execute request on any known server
	at com.netflix.discovery.shared.transport.decorator.RetryableEurekaHttpClient.execute(RetryableEurekaHttpClient.java:112) ~[eureka-client-1.10.17.jar!/:1.10.17]
	at com.netflix.discovery.shared.transport.decorator.EurekaHttpClientDecorator.register(EurekaHttpClientDecorator.java:56) ~[eureka-client-1.10.17.jar!/:1.10.17]
	at com.netflix.discovery.shared.transport.decorator.EurekaHttpClientDecorator$1.execute(EurekaHttpClientDecorator.java:59) ~[eureka-client-1.10.17.jar!/:1.10.17]
	at com.netflix.discovery.shared.transport.decorator.SessionedEurekaHttpClient.execute(SessionedEurekaHttpClient.java:77) ~[eureka-client-1.10.17.jar!/:1.10.17]
	at com.netflix.discovery.shared.transport.decorator.EurekaHttpClientDecorator.register(EurekaHttpClientDecorator.java:56) ~[eureka-client-1.10.17.jar!/:1.10.17]
	at com.netflix.discovery.DiscoveryClient.register(DiscoveryClient.java:876) ~[eureka-client-1.10.17.jar!/:1.10.17]
	at com.netflix.discovery.InstanceInfoReplicator.run(InstanceInfoReplicator.java:121) ~[eureka-client-1.10.17.jar!/:1.10.17]
	at com.netflix.discovery.InstanceInfoReplicator$1.run(InstanceInfoReplicator.java:101) [eureka-client-1.10.17.jar!/:1.10.17]
	at java.util.concurrent.Executors$RunnableAdapter.call(Executors.java:511) [na:1.8.0_292]
	at java.util.concurrent.FutureTask.run(FutureTask.java:266) [na:1.8.0_292]
	at java.util.concurrent.ScheduledThreadPoolExecutor$ScheduledFutureTask.access$201(ScheduledThreadPoolExecutor.java:180) [na:1.8.0_292]
	at java.util.concurrent.ScheduledThreadPoolExecutor$ScheduledFutureTask.run(ScheduledThreadPoolExecutor.java:293) [na:1.8.0_292]
	at java.util.concurrent.ThreadPoolExecutor.runWorker(ThreadPoolExecutor.java:1149) [na:1.8.0_292]
	at java.util.concurrent.ThreadPoolExecutor$Worker.run(ThreadPoolExecutor.java:624) [na:1.8.0_292]
	at java.lang.Thread.run(Thread.java:748) [na:1.8.0_292]

2023-06-16 00:50:36.109  INFO 55859 --- [SpringApplicationShutdownHook] com.netflix.discovery.DiscoveryClient    : Shutting down DiscoveryClient ...
2023-06-16 00:50:39.156  INFO 55859 --- [SpringApplicationShutdownHook] com.netflix.discovery.DiscoveryClient    : Unregistering ...
2023-06-16 00:50:39.360  INFO 55859 --- [SpringApplicationShutdownHook] c.n.d.s.t.d.RedirectingEurekaHttpClient  : Request execution error. endpoint=DefaultEndpoint{ serviceUrl='http://localhost:8761/eureka/}, exception=I/O error on DELETE request for "http://localhost:8761/eureka/apps/NOTEAPPLICATION/192.168.0.104:NoteApplication:8080": Connect to localhost:8761 [localhost/127.0.0.1, localhost/0:0:0:0:0:0:0:1] failed: Connection refused (Connection refused); nested exception is org.apache.http.conn.HttpHostConnectException: Connect to localhost:8761 [localhost/127.0.0.1, localhost/0:0:0:0:0:0:0:1] failed: Connection refused (Connection refused) stacktrace=org.springframework.web.client.ResourceAccessException: I/O error on DELETE request for "http://localhost:8761/eureka/apps/NOTEAPPLICATION/192.168.0.104:NoteApplication:8080": Connect to localhost:8761 [localhost/127.0.0.1, localhost/0:0:0:0:0:0:0:1] failed: Connection refused (Connection refused); nested exception is org.apache.http.conn.HttpHostConnectException: Connect to localhost:8761 [localhost/127.0.0.1, localhost/0:0:0:0:0:0:0:1] failed: Connection refused (Connection refused)
	at org.springframework.web.client.RestTemplate.doExecute(RestTemplate.java:785)
	at org.springframework.web.client.RestTemplate.execute(RestTemplate.java:711)
	at org.springframework.web.client.RestTemplate.exchange(RestTemplate.java:602)
	at org.springframework.cloud.netflix.eureka.http.RestTemplateEurekaHttpClient.cancel(RestTemplateEurekaHttpClient.java:87)
	at com.netflix.discovery.shared.transport.decorator.EurekaHttpClientDecorator$2.execute(EurekaHttpClientDecorator.java:74)
	at com.netflix.discovery.shared.transport.decorator.RedirectingEurekaHttpClient.executeOnNewServer(RedirectingEurekaHttpClient.java:121)
	at com.netflix.discovery.shared.transport.decorator.RedirectingEurekaHttpClient.execute(RedirectingEurekaHttpClient.java:80)
	at com.netflix.discovery.shared.transport.decorator.EurekaHttpClientDecorator.cancel(EurekaHttpClientDecorator.java:71)
	at com.netflix.discovery.shared.transport.decorator.EurekaHttpClientDecorator$2.execute(EurekaHttpClientDecorator.java:74)
	at com.netflix.discovery.shared.transport.decorator.RetryableEurekaHttpClient.execute(RetryableEurekaHttpClient.java:120)
	at com.netflix.discovery.shared.transport.decorator.EurekaHttpClientDecorator.cancel(EurekaHttpClientDecorator.java:71)
	at com.netflix.discovery.shared.transport.decorator.EurekaHttpClientDecorator$2.execute(EurekaHttpClientDecorator.java:74)
	at com.netflix.discovery.shared.transport.decorator.SessionedEurekaHttpClient.execute(SessionedEurekaHttpClient.java:77)
	at com.netflix.discovery.shared.transport.decorator.EurekaHttpClientDecorator.cancel(EurekaHttpClientDecorator.java:71)
	at com.netflix.discovery.DiscoveryClient.unregister(DiscoveryClient.java:972)
	at com.netflix.discovery.DiscoveryClient.shutdown(DiscoveryClient.java:948)
	at sun.reflect.NativeMethodAccessorImpl.invoke0(Native Method)
	at sun.reflect.NativeMethodAccessorImpl.invoke(NativeMethodAccessorImpl.java:62)
	at sun.reflect.DelegatingMethodAccessorImpl.invoke(DelegatingMethodAccessorImpl.java:43)
	at java.lang.reflect.Method.invoke(Method.java:498)
	at org.springframework.beans.factory.annotation.InitDestroyAnnotationBeanPostProcessor$LifecycleElement.invoke(InitDestroyAnnotationBeanPostProcessor.java:389)
	at org.springframework.beans.factory.annotation.InitDestroyAnnotationBeanPostProcessor$LifecycleMetadata.invokeDestroyMethods(InitDestroyAnnotationBeanPostProcessor.java:347)
	at org.springframework.beans.factory.annotation.InitDestroyAnnotationBeanPostProcessor.postProcessBeforeDestruction(InitDestroyAnnotationBeanPostProcessor.java:177)
	at org.springframework.beans.factory.support.DisposableBeanAdapter.destroy(DisposableBeanAdapter.java:197)
	at org.springframework.beans.factory.support.DisposableBeanAdapter.run(DisposableBeanAdapter.java:190)
	at org.springframework.cloud.context.scope.GenericScope$BeanLifecycleWrapper.destroy(GenericScope.java:390)
	at org.springframework.cloud.context.scope.GenericScope.destroy(GenericScope.java:136)
	at org.springframework.beans.factory.support.DisposableBeanAdapter.destroy(DisposableBeanAdapter.java:213)
	at org.springframework.beans.factory.support.DefaultSingletonBeanRegistry.destroyBean(DefaultSingletonBeanRegistry.java:587)
	at org.springframework.beans.factory.support.DefaultSingletonBeanRegistry.destroySingleton(DefaultSingletonBeanRegistry.java:559)
	at org.springframework.beans.factory.support.DefaultListableBeanFactory.destroySingleton(DefaultListableBeanFactory.java:1161)
	at org.springframework.beans.factory.support.DefaultSingletonBeanRegistry.destroySingletons(DefaultSingletonBeanRegistry.java:520)
	at org.springframework.beans.factory.support.DefaultListableBeanFactory.destroySingletons(DefaultListableBeanFactory.java:1154)
	at org.springframework.context.support.AbstractApplicationContext.destroyBeans(AbstractApplicationContext.java:1106)
	at org.springframework.context.support.AbstractApplicationContext.doClose(AbstractApplicationContext.java:1075)
	at org.springframework.boot.web.servlet.context.ServletWebServerApplicationContext.doClose(ServletWebServerApplicationContext.java:172)
	at org.springframework.context.support.AbstractApplicationContext.close(AbstractApplicationContext.java:1021)
	at org.springframework.boot.SpringApplicationShutdownHook.closeAndWait(SpringApplicationShutdownHook.java:145)
	at java.lang.Iterable.forEach(Iterable.java:75)
	at org.springframework.boot.SpringApplicationShutdownHook.run(SpringApplicationShutdownHook.java:114)
	at java.lang.Thread.run(Thread.java:748)
Caused by: org.apache.http.conn.HttpHostConnectException: Connect to localhost:8761 [localhost/127.0.0.1, localhost/0:0:0:0:0:0:0:1] failed: Connection refused (Connection refused)
	at org.apache.http.impl.conn.DefaultHttpClientConnectionOperator.connect(DefaultHttpClientConnectionOperator.java:156)
	at org.apache.http.impl.conn.PoolingHttpClientConnectionManager.connect(PoolingHttpClientConnectionManager.java:376)
	at org.apache.http.impl.execchain.MainClientExec.establishRoute(MainClientExec.java:393)
	at org.apache.http.impl.execchain.MainClientExec.execute(MainClientExec.java:236)
	at org.apache.http.impl.execchain.ProtocolExec.execute(ProtocolExec.java:186)
	at org.apache.http.impl.execchain.RetryExec.execute(RetryExec.java:89)
	at org.apache.http.impl.execchain.RedirectExec.execute(RedirectExec.java:110)
	at org.apache.http.impl.client.InternalHttpClient.doExecute(InternalHttpClient.java:185)
	at org.apache.http.impl.client.CloseableHttpClient.execute(CloseableHttpClient.java:83)
	at org.apache.http.impl.client.CloseableHttpClient.execute(CloseableHttpClient.java:56)
	at org.springframework.http.client.HttpComponentsClientHttpRequest.executeInternal(HttpComponentsClientHttpRequest.java:87)
	at org.springframework.http.client.AbstractBufferingClientHttpRequest.executeInternal(AbstractBufferingClientHttpRequest.java:48)
	at org.springframework.http.client.AbstractClientHttpRequest.execute(AbstractClientHttpRequest.java:66)
	at org.springframework.web.client.RestTemplate.doExecute(RestTemplate.java:776)
	... 40 more
Caused by: java.net.ConnectException: Connection refused (Connection refused)
	at java.net.PlainSocketImpl.socketConnect(Native Method)
	at java.net.AbstractPlainSocketImpl.doConnect(AbstractPlainSocketImpl.java:350)
	at java.net.AbstractPlainSocketImpl.connectToAddress(AbstractPlainSocketImpl.java:206)
	at java.net.AbstractPlainSocketImpl.connect(AbstractPlainSocketImpl.java:188)
	at java.net.SocksSocketImpl.connect(SocksSocketImpl.java:392)
	at java.net.Socket.connect(Socket.java:607)
	at org.apache.http.conn.socket.PlainConnectionSocketFactory.connectSocket(PlainConnectionSocketFactory.java:75)
	at org.apache.http.impl.conn.DefaultHttpClientConnectionOperator.connect(DefaultHttpClientConnectionOperator.java:142)
	... 53 more

2023-06-16 00:50:39.362  WARN 55859 --- [SpringApplicationShutdownHook] c.n.d.s.t.d.RetryableEurekaHttpClient    : Request execution failed with message: I/O error on DELETE request for "http://localhost:8761/eureka/apps/NOTEAPPLICATION/192.168.0.104:NoteApplication:8080": Connect to localhost:8761 [localhost/127.0.0.1, localhost/0:0:0:0:0:0:0:1] failed: Connection refused (Connection refused); nested exception is org.apache.http.conn.HttpHostConnectException: Connect to localhost:8761 [localhost/127.0.0.1, localhost/0:0:0:0:0:0:0:1] failed: Connection refused (Connection refused)
2023-06-16 00:50:39.367 ERROR 55859 --- [SpringApplicationShutdownHook] com.netflix.discovery.DiscoveryClient    : DiscoveryClient_NOTEAPPLICATION/192.168.0.104:NoteApplication:8080 - de-registration failedCannot execute request on any known server

com.netflix.discovery.shared.transport.TransportException: Cannot execute request on any known server
	at com.netflix.discovery.shared.transport.decorator.RetryableEurekaHttpClient.execute(RetryableEurekaHttpClient.java:112) ~[eureka-client-1.10.17.jar!/:1.10.17]
	at com.netflix.discovery.shared.transport.decorator.EurekaHttpClientDecorator.cancel(EurekaHttpClientDecorator.java:71) ~[eureka-client-1.10.17.jar!/:1.10.17]
	at com.netflix.discovery.shared.transport.decorator.EurekaHttpClientDecorator$2.execute(EurekaHttpClientDecorator.java:74) ~[eureka-client-1.10.17.jar!/:1.10.17]
	at com.netflix.discovery.shared.transport.decorator.SessionedEurekaHttpClient.execute(SessionedEurekaHttpClient.java:77) ~[eureka-client-1.10.17.jar!/:1.10.17]
	at com.netflix.discovery.shared.transport.decorator.EurekaHttpClientDecorator.cancel(EurekaHttpClientDecorator.java:71) ~[eureka-client-1.10.17.jar!/:1.10.17]
	at com.netflix.discovery.DiscoveryClient.unregister(DiscoveryClient.java:972) [eureka-client-1.10.17.jar!/:1.10.17]
	at com.netflix.discovery.DiscoveryClient.shutdown(DiscoveryClient.java:948) [eureka-client-1.10.17.jar!/:1.10.17]
	at sun.reflect.NativeMethodAccessorImpl.invoke0(Native Method) ~[na:1.8.0_292]
	at sun.reflect.NativeMethodAccessorImpl.invoke(NativeMethodAccessorImpl.java:62) ~[na:1.8.0_292]
	at sun.reflect.DelegatingMethodAccessorImpl.invoke(DelegatingMethodAccessorImpl.java:43) ~[na:1.8.0_292]
	at java.lang.reflect.Method.invoke(Method.java:498) ~[na:1.8.0_292]
	at org.springframework.beans.factory.annotation.InitDestroyAnnotationBeanPostProcessor$LifecycleElement.invoke(InitDestroyAnnotationBeanPostProcessor.java:389) [spring-beans-5.3.17.jar!/:5.3.17]
	at org.springframework.beans.factory.annotation.InitDestroyAnnotationBeanPostProcessor$LifecycleMetadata.invokeDestroyMethods(InitDestroyAnnotationBeanPostProcessor.java:347) [spring-beans-5.3.17.jar!/:5.3.17]
	at org.springframework.beans.factory.annotation.InitDestroyAnnotationBeanPostProcessor.postProcessBeforeDestruction(InitDestroyAnnotationBeanPostProcessor.java:177) [spring-beans-5.3.17.jar!/:5.3.17]
	at org.springframework.beans.factory.support.DisposableBeanAdapter.destroy(DisposableBeanAdapter.java:197) [spring-beans-5.3.17.jar!/:5.3.17]
	at org.springframework.beans.factory.support.DisposableBeanAdapter.run(DisposableBeanAdapter.java:190) [spring-beans-5.3.17.jar!/:5.3.17]
	at org.springframework.cloud.context.scope.GenericScope$BeanLifecycleWrapper.destroy(GenericScope.java:390) [spring-cloud-context-3.1.3.jar!/:3.1.3]
	at org.springframework.cloud.context.scope.GenericScope.destroy(GenericScope.java:136) [spring-cloud-context-3.1.3.jar!/:3.1.3]
	at org.springframework.beans.factory.support.DisposableBeanAdapter.destroy(DisposableBeanAdapter.java:213) [spring-beans-5.3.17.jar!/:5.3.17]
	at org.springframework.beans.factory.support.DefaultSingletonBeanRegistry.destroyBean(DefaultSingletonBeanRegistry.java:587) [spring-beans-5.3.17.jar!/:5.3.17]
	at org.springframework.beans.factory.support.DefaultSingletonBeanRegistry.destroySingleton(DefaultSingletonBeanRegistry.java:559) [spring-beans-5.3.17.jar!/:5.3.17]
	at org.springframework.beans.factory.support.DefaultListableBeanFactory.destroySingleton(DefaultListableBeanFactory.java:1161) [spring-beans-5.3.17.jar!/:5.3.17]
	at org.springframework.beans.factory.support.DefaultSingletonBeanRegistry.destroySingletons(DefaultSingletonBeanRegistry.java:520) [spring-beans-5.3.17.jar!/:5.3.17]
	at org.springframework.beans.factory.support.DefaultListableBeanFactory.destroySingletons(DefaultListableBeanFactory.java:1154) [spring-beans-5.3.17.jar!/:5.3.17]
	at org.springframework.context.support.AbstractApplicationContext.destroyBeans(AbstractApplicationContext.java:1106) [spring-context-5.3.17.jar!/:5.3.17]
	at org.springframework.context.support.AbstractApplicationContext.doClose(AbstractApplicationContext.java:1075) [spring-context-5.3.17.jar!/:5.3.17]
	at org.springframework.boot.web.servlet.context.ServletWebServerApplicationContext.doClose(ServletWebServerApplicationContext.java:172) [spring-boot-2.6.5.jar!/:2.6.5]
	at org.springframework.context.support.AbstractApplicationContext.close(AbstractApplicationContext.java:1021) [spring-context-5.3.17.jar!/:5.3.17]
	at org.springframework.boot.SpringApplicationShutdownHook.closeAndWait(SpringApplicationShutdownHook.java:145) [spring-boot-2.6.5.jar!/:2.6.5]
	at java.lang.Iterable.forEach(Iterable.java:75) ~[na:1.8.0_292]
	at org.springframework.boot.SpringApplicationShutdownHook.run(SpringApplicationShutdownHook.java:114) [spring-boot-2.6.5.jar!/:2.6.5]
	at java.lang.Thread.run(Thread.java:748) ~[na:1.8.0_292]

2023-06-16 00:50:39.393  INFO 55859 --- [SpringApplicationShutdownHook] com.netflix.discovery.DiscoveryClient    : Completed shut down of DiscoveryClient
