2023-04-21 11:22:21.707  INFO 76808 --- [main] c.a.note.controller.NoteControllerTest   : Starting NoteControllerTest using Java 1.8.0_292 on DKdeMacBook.local with PID 76808 (started by zhouyang in /Users/zhouyang/Desktop/Notes-App/notesServer3/note)
2023-04-21 11:22:21.709  INFO 76808 --- [main] c.a.note.controller.NoteControllerTest   : The following 1 profile is active: "production"
2023-04-21 11:22:23.333  INFO 76808 --- [main] o.s.cloud.context.scope.GenericScope     : BeanFactory id=4f033bdb-1e3f-375a-8de5-2ca7c60f0ae9
2023-04-21 11:22:24.258  INFO 76808 --- [main] o.s.b.w.embedded.tomcat.TomcatWebServer  : Tomcat initialized with port(s): 0 (http)
2023-04-21 11:22:24.274  INFO 76808 --- [main] o.apache.catalina.core.StandardService   : Starting service [Tomcat]
2023-04-21 11:22:24.275  INFO 76808 --- [main] org.apache.catalina.core.StandardEngine  : Starting Servlet engine: [Apache Tomcat/9.0.60]
2023-04-21 11:22:24.459  INFO 76808 --- [main] o.a.c.c.C.[Tomcat].[localhost].[/]       : Initializing Spring embedded WebApplicationContext
2023-04-21 11:22:24.459  INFO 76808 --- [main] w.s.c.ServletWebServerApplicationContext : Root WebApplicationContext: initialization completed in 2708 ms
2023-04-21 11:22:25.054  INFO 76808 --- [main] o.s.c.openfeign.FeignClientFactoryBean   : For 'SnowflakeidApplication' URL not provided. Will try picking an instance via load-balancing.
2023-04-21 11:22:25.799  WARN 76808 --- [main] c.b.m.core.metadata.TableInfoHelper      : This primary key of "id" is primitive !不建议如此请使用包装类 in Class: "com.aboutdk.note.POJO.DO.UserDO"
2023-04-21 11:22:27.124  INFO 76808 --- [main] DiscoveryClientOptionalArgsConfiguration : Eureka HTTP Client uses RestTemplate.
2023-04-21 11:22:27.383  WARN 76808 --- [main] iguration$LoadBalancerCaffeineWarnLogger : Spring Cloud LoadBalancer is currently working with the default cache. While this cache implementation is useful for development and tests, it's recommended to use Caffeine cache in production.You can switch to using Caffeine cache, by adding it and org.springframework.cache.caffeine.CaffeineCacheManager to the classpath.
2023-04-21 11:22:27.784  INFO 76808 --- [main] o.s.b.w.embedded.tomcat.TomcatWebServer  : Tomcat started on port(s): 51409 (http) with context path ''
2023-04-21 11:22:27.785  INFO 76808 --- [main] .s.c.n.e.s.EurekaAutoServiceRegistration : Updating port to 51409
2023-04-21 11:22:27.794  INFO 76808 --- [main] o.s.c.n.eureka.InstanceInfoFactory       : Setting initial instance status as: STARTING
2023-04-21 11:22:27.915  INFO 76808 --- [main] com.netflix.discovery.DiscoveryClient    : Initializing Eureka in region us-east-1
2023-04-21 11:22:27.924  INFO 76808 --- [main] c.n.d.s.r.aws.ConfigClusterResolver      : Resolving eureka endpoints via configuration
2023-04-21 11:22:27.961  INFO 76808 --- [main] com.netflix.discovery.DiscoveryClient    : Disable delta property : false
2023-04-21 11:22:27.962  INFO 76808 --- [main] com.netflix.discovery.DiscoveryClient    : Single vip registry refresh property : null
2023-04-21 11:22:27.962  INFO 76808 --- [main] com.netflix.discovery.DiscoveryClient    : Force full registry fetch : false
2023-04-21 11:22:27.962  INFO 76808 --- [main] com.netflix.discovery.DiscoveryClient    : Application is null : false
2023-04-21 11:22:27.962  INFO 76808 --- [main] com.netflix.discovery.DiscoveryClient    : Registered Applications size is zero : true
2023-04-21 11:22:27.963  INFO 76808 --- [main] com.netflix.discovery.DiscoveryClient    : Application version is -1: true
2023-04-21 11:22:27.963  INFO 76808 --- [main] com.netflix.discovery.DiscoveryClient    : Getting all instance registry info from the eureka server
2023-04-21 11:22:28.605  INFO 76808 --- [main] com.netflix.discovery.DiscoveryClient    : The response status is 200
2023-04-21 11:22:28.607  INFO 76808 --- [main] com.netflix.discovery.DiscoveryClient    : Starting heartbeat executor: renew interval is: 30
2023-04-21 11:22:28.611  INFO 76808 --- [main] c.n.discovery.InstanceInfoReplicator     : InstanceInfoReplicator onDemand update allowed rate per min is 4
2023-04-21 11:22:28.618  INFO 76808 --- [main] com.netflix.discovery.DiscoveryClient    : Discovery Client initialized at timestamp 1682047348616 with initial instances count: 0
2023-04-21 11:22:28.625  INFO 76808 --- [main] o.s.c.n.e.s.EurekaServiceRegistry        : Registering application NOTEAPPLICATION with eureka with status UP
2023-04-21 11:22:28.626  INFO 76808 --- [main] com.netflix.discovery.DiscoveryClient    : Saw local status change event StatusChangeEvent [timestamp=1682047348626, current=UP, previous=STARTING]
2023-04-21 11:22:28.629  INFO 76808 --- [DiscoveryClient-InstanceInfoReplicator-0] com.netflix.discovery.DiscoveryClient    : DiscoveryClient_NOTEAPPLICATION/192.168.10.104:NoteApplication:0: registering service...
2023-04-21 11:22:28.646  INFO 76808 --- [main] c.a.note.controller.NoteControllerTest   : Started NoteControllerTest in 7.599 seconds (JVM running for 9.707)
2023-04-21 11:22:28.742  INFO 76808 --- [DiscoveryClient-InstanceInfoReplicator-0] com.netflix.discovery.DiscoveryClient    : DiscoveryClient_NOTEAPPLICATION/192.168.10.104:NoteApplication:0 - registration status: 204
2023-04-21 11:23:42.766  INFO 76808 --- [DiscoveryClient-CacheRefreshExecutor-0] com.netflix.discovery.DiscoveryClient    : Disable delta property : false
2023-04-21 11:23:42.767  INFO 76808 --- [DiscoveryClient-CacheRefreshExecutor-0] com.netflix.discovery.DiscoveryClient    : Single vip registry refresh property : null
2023-04-21 11:23:42.767  INFO 76808 --- [DiscoveryClient-CacheRefreshExecutor-0] com.netflix.discovery.DiscoveryClient    : Force full registry fetch : false
2023-04-21 11:23:42.768  INFO 76808 --- [DiscoveryClient-CacheRefreshExecutor-0] com.netflix.discovery.DiscoveryClient    : Application is null : false
2023-04-21 11:23:42.768  INFO 76808 --- [DiscoveryClient-CacheRefreshExecutor-0] com.netflix.discovery.DiscoveryClient    : Registered Applications size is zero : true
2023-04-21 11:23:42.768  INFO 76808 --- [DiscoveryClient-CacheRefreshExecutor-0] com.netflix.discovery.DiscoveryClient    : Application version is -1: false
2023-04-21 11:23:42.768  INFO 76808 --- [DiscoveryClient-CacheRefreshExecutor-0] com.netflix.discovery.DiscoveryClient    : Getting all instance registry info from the eureka server
2023-04-21 11:23:42.793  INFO 76808 --- [DiscoveryClient-CacheRefreshExecutor-0] com.netflix.discovery.DiscoveryClient    : The response status is 200
2023-04-21 11:23:42.892  INFO 76808 --- [http-nio-auto-1-exec-1] o.a.c.c.C.[Tomcat].[localhost].[/]       : Initializing Spring DispatcherServlet 'dispatcherServlet'
2023-04-21 11:23:42.892  INFO 76808 --- [http-nio-auto-1-exec-1] o.s.web.servlet.DispatcherServlet        : Initializing Servlet 'dispatcherServlet'
2023-04-21 11:23:42.894  INFO 76808 --- [http-nio-auto-1-exec-1] o.s.web.servlet.DispatcherServlet        : Completed initialization in 2 ms
2023-04-21 11:23:42.922  INFO 76808 --- [http-nio-auto-1-exec-1] c.a.n.i.ShowIPAddressInterceptor         : GET http://localhost:51409/note/findAll 
2023-04-21 11:23:50.530  INFO 76808 --- [SpringApplicationShutdownHook] o.s.c.n.e.s.EurekaServiceRegistry        : Unregistering application NOTEAPPLICATION with eureka with status DOWN
2023-04-21 11:23:50.531  INFO 76808 --- [SpringApplicationShutdownHook] com.netflix.discovery.DiscoveryClient    : Saw local status change event StatusChangeEvent [timestamp=1682047430531, current=DOWN, previous=UP]
2023-04-21 11:23:50.534  INFO 76808 --- [DiscoveryClient-InstanceInfoReplicator-0] com.netflix.discovery.DiscoveryClient    : DiscoveryClient_NOTEAPPLICATION/192.168.10.104:NoteApplication:0: registering service...
2023-04-21 11:23:50.577  INFO 76808 --- [SpringApplicationShutdownHook] com.netflix.discovery.DiscoveryClient    : Shutting down DiscoveryClient ...
2023-04-21 11:23:50.603  INFO 76808 --- [DiscoveryClient-InstanceInfoReplicator-0] com.netflix.discovery.DiscoveryClient    : DiscoveryClient_NOTEAPPLICATION/192.168.10.104:NoteApplication:0 - registration status: 204
2023-04-21 11:23:50.606  INFO 76808 --- [SpringApplicationShutdownHook] com.netflix.discovery.DiscoveryClient    : Unregistering ...
2023-04-21 11:23:50.632  INFO 76808 --- [SpringApplicationShutdownHook] com.netflix.discovery.DiscoveryClient    : DiscoveryClient_NOTEAPPLICATION/192.168.10.104:NoteApplication:0 - deregister  status: 200
2023-04-21 11:23:50.644  INFO 76808 --- [SpringApplicationShutdownHook] com.netflix.discovery.DiscoveryClient    : Completed shut down of DiscoveryClient
